<?xml version="1.0" encoding="UTF-8"?>
<!-- Generated by org.testng.reporters.JUnitXMLReporter -->
<testsuite ignored="0" hostname="K10185" failures="1" tests="1" name="Test" time="23.453" errors="0" timestamp="22 Jun 2021 10:48:05 GMT">
  <testcase classname="com.assigment.tests.HomePageTest" name="verifyAutoSuggestionAndRelatedProductsTest_TC_009" time="7.893">
    <failure type="java.lang.AssertionError" message="Some of the auto suggested products are not related to the given keyword">
      <![CDATA[java.lang.AssertionError: Some of the auto suggested products are not related to the given keyword
at com.assigment.tests.HomePageTest.verifyAutoSuggestionAndRelatedProductsTest_TC_009(HomePageTest.java:124)
at java.base/java.util.concurrent.FutureTask.run(FutureTask.java:264)
at java.base/java.util.concurrent.Executors$RunnableAdapter.call(Executors.java:515)
at java.base/java.util.concurrent.FutureTask.run(FutureTask.java:264)
at java.base/java.util.concurrent.ThreadPoolExecutor.runWorker(ThreadPoolExecutor.java:1130)
at java.base/java.util.concurrent.ThreadPoolExecutor$Worker.run(ThreadPoolExecutor.java:630)
at java.base/java.lang.Thread.run(Thread.java:832)
... Removed 9 stack frames]]>
    </failure>
  </testcase> <!-- verifyAutoSuggestionAndRelatedProductsTest_TC_009 -->
</testsuite> <!-- Test -->
