-------------------------------------------------------------------------------
Test set: TestSuite
-------------------------------------------------------------------------------
Tests run: 1, Failures: 1, Errors: 0, Skipped: 0, Time elapsed: 22.093 s <<< FAILURE! - in TestSuite
com.assigment.tests.HomePageTest.verifyAutoSuggestionAndRelatedProductsTest_TC_009  Time elapsed: 8.587 s  <<< FAILURE!
java.lang.AssertionError: Some of the auto suggested products are not related to the given keyword
	at com.assigment.tests.HomePageTest.verifyAutoSuggestionAndRelatedProductsTest_TC_009(HomePageTest.java:124)

