<?xml version="1.0" encoding="UTF-8"?>
<testng-results ignored="0" total="1" passed="0" failed="1" skipped="0">
  <reporter-output>
  </reporter-output>
  <suite started-at="2021-06-22T11:31:09Z" name="Suite" finished-at="2021-06-22T11:31:30Z" duration-ms="20973">
    <groups>
    </groups>
    <test started-at="2021-06-22T11:31:09Z" name="Test" finished-at="2021-06-22T11:31:30Z" duration-ms="20973">
      <class name="com.assigment.tests.HomePageTest">
        <test-method is-config="true" signature="setUp([Ljava.lang.Object;)[pri:0, instance:com.assigment.tests.HomePageTest@568bf312]" started-at="2021-06-22T11:31:10Z" name="setUp" finished-at="2021-06-22T11:31:21Z" duration-ms="11232" status="PASS">
          <params>
            <param index="0">
              <value>
                <![CDATA[[Ljava.lang.Object;@5949eba8]]>
              </value>
            </param>
          </params>
          <reporter-output>
          </reporter-output>
        </test-method> <!-- setUp -->
        <test-method signature="verifyAutoSuggestionAndRelatedProductsTest_TC_009(java.util.Map)[pri:0, instance:com.assigment.tests.HomePageTest@568bf312]" started-at="2021-06-22T11:31:21Z" name="verifyAutoSuggestionAndRelatedProductsTest_TC_009" description="Verify whether the auto suggestion is displayed and suggests only related products as per the keyword entered" finished-at="2021-06-22T11:31:29Z" duration-ms="8293" status="FAIL">
          <params>
            <param index="0">
              <value>
                <![CDATA[{productElement=, attributeValue=, index=, replacingValue=, testname=verifyAutoSuggestionAndRelatedProductsTest_TC_009, execute=yes, propertyName=, searchPageField=, sortByOption=, browser=chrome, keyword=Cas, productType=}]]>
              </value>
            </param>
          </params>
          <exception class="java.lang.AssertionError">
            <message>
              <![CDATA[Some of the auto suggested products are not related to the given keyword]]>
            </message>
            <full-stacktrace>
              <![CDATA[java.lang.AssertionError: Some of the auto suggested products are not related to the given keyword
at com.assigment.tests.HomePageTest.verifyAutoSuggestionAndRelatedProductsTest_TC_009(HomePageTest.java:124)
at java.base/jdk.internal.reflect.NativeMethodAccessorImpl.invoke0(Native Method)
at java.base/jdk.internal.reflect.NativeMethodAccessorImpl.invoke(NativeMethodAccessorImpl.java:62)
at java.base/jdk.internal.reflect.DelegatingMethodAccessorImpl.invoke(DelegatingMethodAccessorImpl.java:43)
at java.base/java.lang.reflect.Method.invoke(Method.java:564)
at org.testng.internal.MethodInvocationHelper.invokeMethod(MethodInvocationHelper.java:124)
at org.testng.internal.Invoker.invokeMethod(Invoker.java:583)
at org.testng.internal.Invoker.invokeTestMethod(Invoker.java:719)
at org.testng.internal.TestMethodWithDataProviderMethodWorker.call(TestMethodWithDataProviderMethodWorker.java:71)
at org.testng.internal.TestMethodWithDataProviderMethodWorker.call(TestMethodWithDataProviderMethodWorker.java:14)
at java.base/java.util.concurrent.FutureTask.run(FutureTask.java:264)
at java.base/java.util.concurrent.Executors$RunnableAdapter.call(Executors.java:515)
at java.base/java.util.concurrent.FutureTask.run(FutureTask.java:264)
at java.base/java.util.concurrent.ThreadPoolExecutor.runWorker(ThreadPoolExecutor.java:1130)
at java.base/java.util.concurrent.ThreadPoolExecutor$Worker.run(ThreadPoolExecutor.java:630)
at java.base/java.lang.Thread.run(Thread.java:832)
]]>
            </full-stacktrace>
          </exception> <!-- java.lang.AssertionError -->
          <reporter-output>
          </reporter-output>
        </test-method> <!-- verifyAutoSuggestionAndRelatedProductsTest_TC_009 -->
        <test-method is-config="true" signature="tearDown()[pri:0, instance:com.assigment.tests.HomePageTest@568bf312]" started-at="2021-06-22T11:31:30Z" name="tearDown" finished-at="2021-06-22T11:31:30Z" duration-ms="701" status="PASS">
          <reporter-output>
          </reporter-output>
        </test-method> <!-- tearDown -->
      </class> <!-- com.assigment.tests.HomePageTest -->
    </test> <!-- Test -->
  </suite> <!-- Suite -->
</testng-results>
