<?xml version="1.0" encoding="UTF-8"?>
<testsuite xmlns:xsi="http://www.w3.org/2001/XMLSchema-instance" xsi:noNamespaceSchemaLocation="https://maven.apache.org/surefire/maven-surefire-plugin/xsd/surefire-test-report-3.0.xsd" version="3.0" name="TestSuite" time="233.101" tests="22" errors="0" skipped="0" failures="5">
  <properties>
[...]
</properties>
  <testcase name="verifySearchedProductsWithProductTypeTest_TC_002" classname="com.assigment.tests.DressPageTest" time="15.598"/>
  <testcase name="verifySearchedProductsWithProductTypeTest_TC_002" classname="com.assigment.tests.DressPageTest" time="20.066">
    <failure message="All the expected searched products were supposed to be related to the searched product type only but were not" type="java.lang.AssertionError"><![CDATA[java.lang.AssertionError: All the expected searched products were supposed to be related to the searched product type only but were not
	at com.assigment.tests.DressPageTest.verifySearchedProductsWithProductTypeTest_TC_002(DressPageTest.java:65)
]]></failure>
    <system-out><![CDATA[pass---->Search button is clicked
pass---->Search in Bread crumb is displayed
pass---->Search button is clicked
pass---->Search in Bread crumb is displayed
pass---->Products related to product sub-category are only retrieved
]]></system-out>
  </testcase>
  <testcase name="verifySearchedProductsWithProductTypeTest_TC_002" classname="com.assigment.tests.DressPageTest" time="37.708">
    <failure message="Expected condition failed: waiting for visibility of all elements located by By.xpath: //*[@class=&apos;right-block&apos;]//a[@class=&apos;product-name&apos;] (tried for 20 second(s) with 500 milliseconds interval)&#10;Build info: version: &apos;3.141.59&apos;, revision: &apos;e82be7d358&apos;, time: &apos;2018-11-14T08:17:03&apos;&#10;System info: host: &apos;K10185&apos;, ip: &apos;192.168.1.106&apos;, os.name: &apos;Windows 10&apos;, os.arch: &apos;amd64&apos;, os.version: &apos;10.0&apos;, java.version: &apos;14.0.2&apos;&#10;Driver info: org.openqa.selenium.chrome.ChromeDriver&#10;Capabilities {acceptInsecureCerts: false, browserName: chrome, browserVersion: 91.0.4472.101, chrome: {chromedriverVersion: 91.0.4472.101 (af52a90bf870..., userDataDir: C:\Users\asus\AppData\Local...}, goog:chromeOptions: {debuggerAddress: localhost:51290}, javascriptEnabled: true, networkConnectionEnabled: false, pageLoadStrategy: normal, platform: WINDOWS, platformName: WINDOWS, proxy: Proxy(), setWindowRect: true, strictFileInteractability: false, timeouts: {implicit: 0, pageLoad: 300000, script: 30000}, unhandledPromptBehavior: dismiss and notify, webauthn:extension:largeBlob: true, webauthn:virtualAuthenticators: true}&#10;Session ID: 31696a1dd35f572adbc9235fed648390" type="org.openqa.selenium.TimeoutException"><![CDATA[org.openqa.selenium.TimeoutException: 
Expected condition failed: waiting for visibility of all elements located by By.xpath: //*[@class='right-block']//a[@class='product-name'] (tried for 20 second(s) with 500 milliseconds interval)
Build info: version: '3.141.59', revision: 'e82be7d358', time: '2018-11-14T08:17:03'
System info: host: 'K10185', ip: '192.168.1.106', os.name: 'Windows 10', os.arch: 'amd64', os.version: '10.0', java.version: '14.0.2'
Driver info: org.openqa.selenium.chrome.ChromeDriver
Capabilities {acceptInsecureCerts: false, browserName: chrome, browserVersion: 91.0.4472.101, chrome: {chromedriverVersion: 91.0.4472.101 (af52a90bf870..., userDataDir: C:\Users\asus\AppData\Local...}, goog:chromeOptions: {debuggerAddress: localhost:51290}, javascriptEnabled: true, networkConnectionEnabled: false, pageLoadStrategy: normal, platform: WINDOWS, platformName: WINDOWS, proxy: Proxy(), setWindowRect: true, strictFileInteractability: false, timeouts: {implicit: 0, pageLoad: 300000, script: 30000}, unhandledPromptBehavior: dismiss and notify, webauthn:extension:largeBlob: true, webauthn:virtualAuthenticators: true}
Session ID: 31696a1dd35f572adbc9235fed648390
	at com.assigment.tests.DressPageTest.verifySearchedProductsWithProductTypeTest_TC_002(DressPageTest.java:61)
]]></failure>
  </testcase>
  <testcase name="verifyAutoSuggestionAndRelatedProductsTest_TC_009" classname="com.assigment.tests.HomePageTest" time="2.798">
    <failure message="Some of the auto suggested products are not related to the given keyword" type="java.lang.AssertionError"><![CDATA[java.lang.AssertionError: Some of the auto suggested products are not related to the given keyword
	at com.assigment.tests.HomePageTest.verifyAutoSuggestionAndRelatedProductsTest_TC_009(HomePageTest.java:124)
]]></failure>
    <system-out><![CDATA[pass---->Search text field is cleared
pass---->Cas is entered in Search text field
pass---->Auto suggestion  is displayed
pass---->Related suggested products  are only retrieved
]]></system-out>
    <system-err><![CDATA[Starting ChromeDriver 91.0.4472.101 (af52a90bf87030dd1523486a1cd3ae25c5d76c9b-refs/branch-heads/4472@{#1462}) on port 10031
Only local connections are allowed.
Please see https://chromedriver.chromium.org/security-considerations for suggestions on keeping ChromeDriver safe.
ChromeDriver was started successfully.
Jun 23, 2021 12:49:11 AM org.openqa.selenium.remote.ProtocolHandshake createSession
INFO: Detected dialect: W3C
]]></system-err>
  </testcase>
  <testcase name="verifyProductElementsAreDisplayedTest_TC_003" classname="com.assigment.tests.HomePageTest" time="2.779"/>
  <testcase name="verifyProductElementsAreDisplayedTest_TC_003" classname="com.assigment.tests.HomePageTest" time="3.077"/>
  <testcase name="verifySearchedProductsWithProductNameTest_TC_001" classname="com.assigment.tests.HomePageTest" time="0.55"/>
  <testcase name="verifySearchedProductsWithProductNameTest_TC_001" classname="com.assigment.tests.HomePageTest" time="3.649"/>
  <testcase name="verifyPopUpIsShownOnClickingProdContainerBtnTest_TC_004" classname="com.assigment.tests.SearchPageTest" time="7.249"/>
  <testcase name="verifyPopUpIsShownOnClickingProdContainerBtnTest_TC_004" classname="com.assigment.tests.SearchPageTest" time="9.261"/>
  <testcase name="verifyPopUpIsShownOnClickingProdContainerBtnTest_TC_004" classname="com.assigment.tests.SearchPageTest" time="10.287"/>
  <testcase name="verifyProductDescriptionPageIsDisplayedTest_TC_005" classname="com.assigment.tests.SearchPageTest" time="6.026"/>
  <testcase name="verifyProductDescriptionPageIsDisplayedTest_TC_005" classname="com.assigment.tests.SearchPageTest" time="7.724"/>
  <testcase name="verifyProductDescriptionPageIsDisplayedTest_TC_005" classname="com.assigment.tests.SearchPageTest" time="8.523"/>
  <testcase name="verifyRequiredSearchPageViewIsSelectedTest_TC_007" classname="com.assigment.tests.SearchPageTest" time="16.23"/>
  <testcase name="verifyRequiredSearchPageViewIsSelectedTest_TC_007" classname="com.assigment.tests.SearchPageTest" time="17.572"/>
  <testcase name="verifySearchPageFieldIsDisplayedTest_TC_008" classname="com.assigment.tests.SearchPageTest" time="2.55"/>
  <testcase name="verifySearchPageFieldIsDisplayedTest_TC_008" classname="com.assigment.tests.SearchPageTest" time="3.117"/>
  <testcase name="verifySearchedProductsAreSortedByNameTest_TC_006" classname="com.assigment.tests.SearchPageTest" time="5.717"/>
  <testcase name="verifySearchedProductsAreSortedByNameTest_TC_006" classname="com.assigment.tests.SearchPageTest" time="5.827"/>
  <testcase name="verifySearchedProductsAreSortedByPriceTest_TC_006" classname="com.assigment.tests.SearchPageTest" time="5.067">
    <failure message="Conversion = &apos;%&apos;" type="java.util.UnknownFormatConversionException"><![CDATA[java.util.UnknownFormatConversionException: Conversion = '%'
	at com.assigment.tests.SearchPageTest.lambda$verifySearchedProductsAreSortedByPriceTest_TC_006$1(SearchPageTest.java:213)
	at com.assigment.tests.SearchPageTest.verifySearchedProductsAreSortedByPriceTest_TC_006(SearchPageTest.java:215)
]]></failure>
    <system-out><![CDATA[pass---->Search text field is cleared
pass---->Dresses is entered in Search text field
pass---->Search text field is cleared
pass---->Dresses is entered in Search text field
pass---->Search button is clicked
pass---->Sort by option is clicked
pass---->Search button is clicked
pass---->Sort by option is clicked
pass---->Lowest price first Sort option is clicked
pass---->Products sorted by Lowest price first are retrieved
]]></system-out>
    <system-err><![CDATA[Starting ChromeDriver 91.0.4472.101 (af52a90bf87030dd1523486a1cd3ae25c5d76c9b-refs/branch-heads/4472@{#1462}) on port 6778
Only local connections are allowed.
Please see https://chromedriver.chromium.org/security-considerations for suggestions on keeping ChromeDriver safe.
Starting ChromeDriver 91.0.4472.101 (af52a90bf87030dd1523486a1cd3ae25c5d76c9b-refs/branch-heads/4472@{#1462}) on port 29357
Only local connections are allowed.
Please see https://chromedriver.chromium.org/security-considerations for suggestions on keeping ChromeDriver safe.
ChromeDriver was started successfully.
ChromeDriver was started successfully.
Jun 23, 2021 12:51:45 AM org.openqa.selenium.remote.ProtocolHandshake createSession
INFO: Detected dialect: W3C
Jun 23, 2021 12:51:45 AM org.openqa.selenium.remote.ProtocolHandshake createSession
INFO: Detected dialect: W3C
]]></system-err>
  </testcase>
  <testcase name="verifySearchedProductsAreSortedByPriceTest_TC_006" classname="com.assigment.tests.SearchPageTest" time="8.328">
    <failure message="Conversion = &apos;%&apos;" type="java.util.UnknownFormatConversionException"><![CDATA[java.util.UnknownFormatConversionException: Conversion = '%'
	at com.assigment.tests.SearchPageTest.lambda$verifySearchedProductsAreSortedByPriceTest_TC_006$1(SearchPageTest.java:213)
	at com.assigment.tests.SearchPageTest.verifySearchedProductsAreSortedByPriceTest_TC_006(SearchPageTest.java:215)
]]></failure>
    <system-out><![CDATA[pass---->Highest price first Sort option is clicked
pass---->Products sorted by Highest price first are retrieved
]]></system-out>
  </testcase>
</testsuite>