<?xml version="1.0" encoding="UTF-8"?>
<testsuite xmlns:xsi="http://www.w3.org/2001/XMLSchema-instance" xsi:noNamespaceSchemaLocation="https://maven.apache.org/surefire/maven-surefire-plugin/xsd/surefire-test-report-3.0.xsd" version="3.0" name="TestSuite" time="22.093" tests="1" errors="0" skipped="0" failures="1">
  <properties>
[...]
</properties>
  <testcase name="verifyAutoSuggestionAndRelatedProductsTest_TC_009" classname="com.assigment.tests.HomePageTest" time="8.587">
    <failure message="Some of the auto suggested products are not related to the given keyword" type="java.lang.AssertionError"><![CDATA[java.lang.AssertionError: Some of the auto suggested products are not related to the given keyword
	at com.assigment.tests.HomePageTest.verifyAutoSuggestionAndRelatedProductsTest_TC_009(HomePageTest.java:124)
]]></failure>
    <system-out><![CDATA[pass---->Search text field is cleared
pass---->Cas is entered in Search text field
pass---->Auto suggestion  is displayed
pass---->Related suggested products  are only retrieved
]]></system-out>
    <system-err><![CDATA[SLF4J: Failed to load class "org.slf4j.impl.StaticLoggerBinder".
SLF4J: Defaulting to no-operation (NOP) logger implementation
SLF4J: See http://www.slf4j.org/codes.html#StaticLoggerBinder for further details.
Starting ChromeDriver 91.0.4472.101 (af52a90bf87030dd1523486a1cd3ae25c5d76c9b-refs/branch-heads/4472@{#1462}) on port 45224
Only local connections are allowed.
Please see https://chromedriver.chromium.org/security-considerations for suggestions on keeping ChromeDriver safe.
ChromeDriver was started successfully.
Jun 22, 2021 5:01:12 PM org.openqa.selenium.remote.ProtocolHandshake createSession
INFO: Detected dialect: W3C
]]></system-err>
  </testcase>
</testsuite>